[2026-04-05 21:39:19.274236+00:00] User: ali | Method: POST | Path: /api/reservations/ | Status: 400
[2026-04-05 21:39:41.936833+00:00] User: ali | Method: POST | Path: /api/reservations/ | Status: 201
[2026-04-05 22:04:21.328415+00:00] User: ali | Method: POST | Path: /api/reservations/ | Status: 400
[2026-04-05 22:04:28.798375+00:00] User: ali | Method: POST | Path: /api/reservations/ | Status: 201
[2026-04-05 22:39:17.317725+00:00] User: ali | Method: POST | Path: /admin/login/ | Status: 302
[2026-04-05 22:39:41.784793+00:00] User: ali | Method: POST | Path: /admin/chat/message/add/ | Status: 302
[2026-04-21 23:16:35.811417+00:00] User: alii | Method: POST | Path: /admin/login/ | Status: 302
[2026-04-21 23:32:20.388003+00:00] User: postgres | Method: POST | Path: /api/reservations/ | Status: 201
[2026-04-21 23:33:54.992798+00:00] User: postgres | Method: POST | Path: /api/reservations/2/confirmer/ | Status: 200
[2026-04-21 23:33:55.761579+00:00] User: postgres | Method: POST | Path: /api/reservations/2/confirmer/ | Status: 200
[2026-05-01 20:46:26.122511+00:00] User: yassir | Method: POST | Path: /api/reservations/ | Status: 201
[2026-05-01 20:46:36.172148+00:00] User: yassir | Method: POST | Path: /api/reservations/3/annuler/ | Status: 200
[2026-05-01 21:00:36.897226+00:00] User: ali | Method: POST | Path: /admin/login/ | Status: 302
[2026-05-01 21:01:11.956326+00:00] User: ali | Method: POST | Path: /admin/accounts/user/add/ | Status: 200
[2026-05-01 21:01:23.444095+00:00] User: ali | Method: POST | Path: /admin/accounts/user/add/ | Status: 200
[2026-05-01 21:01:42.139821+00:00] User: ali | Method: POST | Path: /admin/accounts/user/add/ | Status: 200
[2026-05-01 21:01:55.517837+00:00] User: ali | Method: POST | Path: /admin/accounts/user/add/ | Status: 302
[2026-05-01 21:02:48.429702+00:00] User: ali | Method: POST | Path: /admin/reservations/avis/add/ | Status: 200
[2026-05-02 11:45:45.762144+00:00] User: ali | Method: POST | Path: /admin/reservations/avis/add/ | Status: 200
[2026-05-02 11:45:55.561097+00:00] User: ali | Method: POST | Path: /admin/reservations/avis/add/ | Status: 302
[2026-05-02 11:49:34.256856+00:00] User: ali | Method: POST | Path: /admin/services/service/add/ | Status: 302
[2026-05-02 11:50:21.035134+00:00] User: aliox | Method: POST | Path: /api/reservations/ | Status: 201
[2026-05-02 12:17:01.127880+00:00] User: aliox | Method: POST | Path: /api/reservations/4/annuler/ | Status: 200
[2026-05-02 12:17:25.954744+00:00] User: aliox | Method: POST | Path: /api/reservations/ | Status: 201
[2026-05-02 12:18:32.273054+00:00] User: ali | Method: POST | Path: /admin/reservations/reservation/5/change/ | Status: 302
[2026-05-02 12:19:48.416232+00:00] User: ali | Method: POST | Path: /admin/accounts/user/add/ | Status: 200
[2026-05-02 12:20:06.486427+00:00] User: ali | Method: POST | Path: /admin/accounts/user/add/ | Status: 200
[2026-05-02 12:20:20.162916+00:00] User: ali | Method: POST | Path: /admin/accounts/user/add/ | Status: 200
[2026-05-02 12:20:43.582157+00:00] User: ali | Method: POST | Path: /admin/services/service/add/ | Status: 200
[2026-05-02 12:23:09.358400+00:00] User: ali | Method: POST | Path: /api/reservations/1/annuler/ | Status: 200
[2026-05-02 12:23:09.954043+00:00] User: ali | Method: POST | Path: /api/reservations/1/annuler/ | Status: 200
[2026-05-02 16:41:26.779810+00:00] User: ali | Method: POST | Path: /admin/services/service/add/ | Status: 200
[2026-05-02 16:41:32.091350+00:00] User: ali | Method: POST | Path: /admin/services/service/add/ | Status: 302
[2026-05-02 16:42:15.171166+00:00] User: aliox | Method: POST | Path: /api/reservations/ | Status: 201
[2026-05-02 16:42:49.083536+00:00] User: ali | Method: POST | Path: /admin/reservations/reservation/6/change/ | Status: 302
[2026-05-03 12:40:27.202728+00:00] User: ali | Method: POST | Path: /admin/services/service/add/ | Status: 302
[2026-05-03 12:41:09.033834+00:00] User: ali | Method: POST | Path: /admin/token_blacklist/blacklistedtoken/add/ | Status: 302
[2026-05-03 12:42:43.548375+00:00] User: ali | Method: POST | Path: /admin/token_blacklist/blacklistedtoken/add/ | Status: 302
[2026-05-03 12:59:47.482464+00:00] User: ali | Method: POST | Path: /admin/token_blacklist/blacklistedtoken/ | Status: 302
[2026-05-03 12:59:56.273646+00:00] User: ali | Method: POST | Path: /admin/token_blacklist/blacklistedtoken/ | Status: 200
[2026-05-03 13:00:02.926834+00:00] User: ali | Method: POST | Path: /admin/token_blacklist/blacklistedtoken/ | Status: 302
[2026-05-03 13:00:36.046864+00:00] User: ali | Method: POST | Path: /admin/token_blacklist/blacklistedtoken/add/ | Status: 302
[2026-05-03 13:00:45.725716+00:00] User: ali | Method: POST | Path: /admin/token_blacklist/blacklistedtoken/add/ | Status: 302
[2026-05-03 13:00:54.219197+00:00] User: ali | Method: POST | Path: /admin/token_blacklist/blacklistedtoken/add/ | Status: 302
[2026-05-03 13:01:04.389606+00:00] User: ali | Method: POST | Path: /admin/token_blacklist/blacklistedtoken/add/ | Status: 302
[2026-05-03 13:01:15.920782+00:00] User: ali | Method: POST | Path: /admin/token_blacklist/blacklistedtoken/add/ | Status: 302
[2026-05-03 13:04:07.707056+00:00] User: ali | Method: POST | Path: /admin/accounts/user/ | Status: 200
[2026-05-03 13:04:09.083785+00:00] User: ali | Method: POST | Path: /admin/accounts/user/ | Status: 302
[2026-05-03 13:04:42.176783+00:00] User: ali | Method: POST | Path: /admin/accounts/user/add/ | Status: 200
[2026-05-03 13:04:53.459905+00:00] User: ali | Method: POST | Path: /admin/accounts/user/add/ | Status: 200
[2026-05-03 13:04:57.604522+00:00] User: ali | Method: POST | Path: /admin/accounts/user/add/ | Status: 200
[2026-05-03 13:05:08.811339+00:00] User: ali | Method: POST | Path: /admin/accounts/user/add/ | Status: 302
[2026-05-04 20:08:12.151310+00:00] User: aliox | Method: POST | Path: /api/reservations/ | Status: 201
[2026-05-05 11:08:40.927160+00:00] User: aliox | Method: POST | Path: /api/reservations/7/annuler/ | Status: 200
[2026-05-05 11:12:16.829257+00:00] User: ali | Method: POST | Path: /admin/accounts/user/add/ | Status: 200
[2026-05-05 11:13:29.322482+00:00] User: ali | Method: POST | Path: /admin/services/service/add/ | Status: 302
[2026-05-05 11:14:19.986841+00:00] User: ali | Method: POST | Path: /admin/reservations/avis/1/change/ | Status: 302
[2026-05-05 11:15:35.944480+00:00] User: ali | Method: POST | Path: /admin/reservations/avis/add/ | Status: 200
[2026-05-05 11:15:45.394341+00:00] User: ali | Method: POST | Path: /admin/reservations/avis/add/ | Status: 200
[2026-05-05 11:15:58.018838+00:00] User: ali | Method: POST | Path: /admin/reservations/avis/add/ | Status: 302
[2026-05-05 11:16:39.960296+00:00] User: ali | Method: POST | Path: /admin/reservations/avis/add/ | Status: 200
[2026-05-05 11:16:44.451502+00:00] User: ali | Method: POST | Path: /admin/reservations/avis/add/ | Status: 200
[2026-05-05 11:16:48.129298+00:00] User: ali | Method: POST | Path: /admin/reservations/avis/add/ | Status: 302
[2026-05-05 11:17:37.981691+00:00] User: ali | Method: POST | Path: /admin/accounts/user/ | Status: 200
[2026-05-05 11:17:39.243385+00:00] User: ali | Method: POST | Path: /admin/accounts/user/ | Status: 302
[2026-05-05 11:21:19.142320+00:00] User: ali | Method: POST | Path: /admin/services/service/add/ | Status: 302
[2026-05-05 11:22:09.816062+00:00] User: aliox | Method: POST | Path: /api/reservations/ | Status: 201
[2026-05-05 11:22:34.038894+00:00] User: aliox | Method: POST | Path: /api/reservations/8/annuler/ | Status: 200
[2026-05-05 11:43:05.473434+00:00] User: aliox | Method: POST | Path: /api/reservations/ | Status: 201
[2026-05-05 12:15:04.464912+00:00] User: gerd | Method: POST | Path: /api/reservations/ | Status: 201
[2026-05-05 12:16:06.802699+00:00] User: gerd | Method: POST | Path: /api/reservations/10/annuler/ | Status: 200
[2026-05-05 12:16:08.328679+00:00] User: gerd | Method: POST | Path: /api/reservations/10/annuler/ | Status: 200
[2026-05-05 12:16:34.618145+00:00] User: gerd | Method: POST | Path: /api/reservations/ | Status: 201
[2026-05-05 14:39:54.868278+00:00] User: ali | Method: POST | Path: /admin/reservations/reservation/9/change/ | Status: 302
[2026-05-05 14:40:15.284453+00:00] User: ali | Method: POST | Path: /admin/reservations/reservation/9/change/ | Status: 302
[2026-05-05 14:40:35.159301+00:00] User: aliox | Method: POST | Path: /api/avis/ | Status: 201
[2026-05-05 16:06:11.758981+00:00] User: ali | Method: POST | Path: /admin/reservations/reservation/11/change/ | Status: 302
[2026-05-05 16:07:03.306755+00:00] User: aliox | Method: POST | Path: /api/reservations/ | Status: 201
[2026-05-05 16:08:34.463879+00:00] User: ali | Method: POST | Path: /admin/accounts/user/12/change/ | Status: 302
[2026-05-05 16:08:57.696964+00:00] User: ali | Method: POST | Path: /admin/accounts/user/7/change/ | Status: 302
[2026-05-05 16:09:20.635420+00:00] User: aliox | Method: POST | Path: /api/reservations/ | Status: 201
[2026-05-05 16:10:23.974160+00:00] User: ali | Method: POST | Path: /admin/reservations/reservation/12/change/ | Status: 302
[2026-05-05 16:11:15.218377+00:00] User: aliox | Method: POST | Path: /api/reservations/13/annuler/ | Status: 200
[2026-05-05 16:11:17.026706+00:00] User: aliox | Method: POST | Path: /api/reservations/13/annuler/ | Status: 200
[2026-05-05 16:36:17.420813+00:00] User: ali | Method: POST | Path: /admin/reservations/reservation/add/ | Status: 200
[2026-05-05 16:36:24.058431+00:00] User: ali | Method: POST | Path: /admin/reservations/reservation/add/ | Status: 302
[2026-05-05 16:36:46.253768+00:00] User: khalil | Method: POST | Path: /api/reservations/14/confirmer/ | Status: 200
[2026-05-05 16:43:35.882205+00:00] User: ali | Method: POST | Path: /admin/reservations/reservation/14/change/ | Status: 302
[2026-05-05 16:43:41.531007+00:00] User: khalil | Method: POST | Path: /api/reservations/14/refuser/ | Status: 200
[2026-05-06 12:15:10.263436+00:00] User: aliox | Method: POST | Path: /api/avis/ | Status: 201
[2026-05-06 12:32:38.991978+00:00] User: aliox | Method: POST | Path: /api/reservations/ | Status: 500
[2026-05-06 12:32:41.055968+00:00] User: aliox | Method: POST | Path: /api/reservations/ | Status: 500
[2026-05-06 12:32:41.951207+00:00] User: aliox | Method: POST | Path: /api/reservations/ | Status: 500
[2026-05-06 12:32:43.570225+00:00] User: aliox | Method: POST | Path: /api/reservations/ | Status: 500
[2026-05-06 12:39:25.010475+00:00] User: aliox | Method: POST | Path: /api/reservations/ | Status: 201
[2026-05-06 12:39:34.507721+00:00] User: aliox | Method: POST | Path: /api/reservations/15/annuler/ | Status: 200
[2026-05-06 12:39:35.722691+00:00] User: aliox | Method: POST | Path: /api/reservations/16/annuler/ | Status: 200
[2026-05-06 12:39:35.818406+00:00] User: aliox | Method: POST | Path: /api/reservations/16/annuler/ | Status: 200
[2026-05-06 12:39:36.248264+00:00] User: aliox | Method: POST | Path: /api/reservations/17/annuler/ | Status: 200
[2026-05-06 12:39:36.717057+00:00] User: aliox | Method: POST | Path: /api/reservations/18/annuler/ | Status: 200
[2026-05-06 12:39:37.198257+00:00] User: aliox | Method: POST | Path: /api/reservations/19/annuler/ | Status: 200
[2026-05-06 12:39:56.677790+00:00] User: aliox | Method: POST | Path: /api/reservations/ | Status: 201
[2026-05-06 12:40:18.131917+00:00] User: khalil | Method: POST | Path: /api/reservations/20/confirmer/ | Status: 200
[2026-05-06 12:46:35.903738+00:00] User: aliox | Method: POST | Path: /api/reservations/ | Status: 201
[2026-05-06 12:46:45.254397+00:00] User: aliox | Method: POST | Path: /api/reservations/21/annuler/ | Status: 200
[2026-05-06 12:46:58.840022+00:00] User: aliox | Method: POST | Path: /api/reservations/ | Status: 201
[2026-05-06 12:47:36.257484+00:00] User: aliox | Method: POST | Path: /api/reservations/ | Status: 201
[2026-05-06 12:52:19.980738+00:00] User: aliox | Method: POST | Path: /api/reservations/22/annuler/ | Status: 200
[2026-05-06 12:52:20.946310+00:00] User: aliox | Method: POST | Path: /api/reservations/23/annuler/ | Status: 200
[2026-05-06 12:52:30.030365+00:00] User: aliox | Method: POST | Path: /api/reservations/ | Status: 201
[2026-05-06 17:13:42.877378+00:00] User: aliox | Method: POST | Path: /api/reservations/ | Status: 201
[2026-05-06 17:14:44.736272+00:00] User: aliox | Method: POST | Path: /api/reservations/ | Status: 201
[2026-05-06 17:15:44.073180+00:00] User: aliox | Method: POST | Path: /api/reservations/25/annuler/ | Status: 200
[2026-05-06 17:17:36.412482+00:00] User: aliox | Method: POST | Path: /api/avis/ | Status: 400
[2026-05-06 17:17:40.012674+00:00] User: aliox | Method: POST | Path: /api/avis/ | Status: 400
[2026-05-06 17:17:44.492854+00:00] User: aliox | Method: POST | Path: /api/avis/ | Status: 400
[2026-05-06 17:17:45.772259+00:00] User: aliox | Method: POST | Path: /api/avis/ | Status: 400
[2026-05-06 17:17:47.178601+00:00] User: aliox | Method: POST | Path: /api/avis/ | Status: 400
[2026-05-06 17:17:47.365571+00:00] User: aliox | Method: POST | Path: /api/avis/ | Status: 400
[2026-05-06 17:17:47.873729+00:00] User: aliox | Method: POST | Path: /api/avis/ | Status: 400
[2026-05-06 17:17:48.093563+00:00] User: aliox | Method: POST | Path: /api/avis/ | Status: 400
[2026-05-06 17:17:48.278736+00:00] User: aliox | Method: POST | Path: /api/avis/ | Status: 400
[2026-05-06 17:17:48.451967+00:00] User: aliox | Method: POST | Path: /api/avis/ | Status: 400
[2026-05-06 17:17:50.976805+00:00] User: aliox | Method: POST | Path: /api/avis/ | Status: 400
[2026-05-06 17:17:51.550409+00:00] User: aliox | Method: POST | Path: /api/avis/ | Status: 400
[2026-05-06 17:17:51.788421+00:00] User: aliox | Method: POST | Path: /api/avis/ | Status: 400
[2026-05-06 17:17:56.783568+00:00] User: aliox | Method: POST | Path: /api/avis/ | Status: 400
[2026-05-06 17:24:37.666270+00:00] User: Compte | Method: POST | Path: /api/reservations/ | Status: 201
[2026-05-06 17:25:02.997769+00:00] User: khalil | Method: POST | Path: /api/reservations/27/confirmer/ | Status: 200
[2026-05-06 17:28:30.581433+00:00] User: Compte | Method: POST | Path: /api/avis/ | Status: 400
[2026-05-06 17:28:34.691197+00:00] User: Compte | Method: POST | Path: /api/avis/ | Status: 400
[2026-05-06 17:28:35.615528+00:00] User: Compte | Method: POST | Path: /api/avis/ | Status: 400
[2026-05-06 17:28:35.871773+00:00] User: Compte | Method: POST | Path: /api/avis/ | Status: 400
[2026-05-06 17:28:36.114129+00:00] User: Compte | Method: POST | Path: /api/avis/ | Status: 400
[2026-05-06 17:28:36.301804+00:00] User: Compte | Method: POST | Path: /api/avis/ | Status: 400
[2026-05-06 17:28:36.501665+00:00] User: Compte | Method: POST | Path: /api/avis/ | Status: 400
[2026-05-06 17:28:36.713795+00:00] User: Compte | Method: POST | Path: /api/avis/ | Status: 400
[2026-05-06 17:28:36.921083+00:00] User: Compte | Method: POST | Path: /api/avis/ | Status: 400
[2026-05-06 17:28:37.138795+00:00] User: Compte | Method: POST | Path: /api/avis/ | Status: 400
[2026-05-06 17:28:37.527096+00:00] User: Compte | Method: POST | Path: /api/avis/ | Status: 400
[2026-05-06 17:28:37.633297+00:00] User: Compte | Method: POST | Path: /api/avis/ | Status: 400
[2026-05-06 17:28:37.885378+00:00] User: Compte | Method: POST | Path: /api/avis/ | Status: 400
[2026-05-06 17:28:38.226588+00:00] User: Compte | Method: POST | Path: /api/avis/ | Status: 400
[2026-05-06 17:28:38.350384+00:00] User: Compte | Method: POST | Path: /api/avis/ | Status: 400
[2026-05-06 17:28:38.600124+00:00] User: Compte | Method: POST | Path: /api/avis/ | Status: 400
[2026-05-06 17:28:45.709980+00:00] User: Compte | Method: POST | Path: /api/avis/ | Status: 400
[2026-05-06 17:28:52.181568+00:00] User: Compte | Method: POST | Path: /api/avis/ | Status: 400
[2026-05-06 17:29:00.545947+00:00] User: Compte | Method: POST | Path: /api/avis/ | Status: 400
[2026-05-06 17:31:04.350257+00:00] User: ali | Method: POST | Path: /admin/accounts/user/ | Status: 200
[2026-05-06 17:31:05.757956+00:00] User: ali | Method: POST | Path: /admin/accounts/user/ | Status: 302
[2026-05-07 12:17:39.340376+00:00] User: aliox | Method: POST | Path: /api/avis/ | Status: 400
[2026-05-07 12:17:41.363300+00:00] User: aliox | Method: POST | Path: /api/avis/ | Status: 400
[2026-05-07 12:22:25.473945+00:00] User: aliox | Method: POST | Path: /api/avis/ | Status: 201
[2026-05-07 12:39:44.337241+00:00] User: aliox | Method: POST | Path: /api/reservations/ | Status: 201
[2026-05-07 12:40:47.157711+00:00] User: aliox | Method: POST | Path: /api/reservations/28/annuler/ | Status: 200
[2026-05-07 12:41:15.032968+00:00] User: aliox | Method: POST | Path: /api/reservations/ | Status: 201
[2026-05-07 12:41:40.438781+00:00] User: khalil | Method: POST | Path: /api/reservations/29/confirmer/ | Status: 200
[2026-05-07 12:43:01.678249+00:00] User: ali | Method: POST | Path: /admin/reservations/reservation/29/change/ | Status: 302
[2026-05-07 12:43:45.400470+00:00] User: aliox | Method: POST | Path: /api/avis/ | Status: 201
[2026-05-07 12:44:24.027974+00:00] User: ali | Method: POST | Path: /admin/reservations/reservation/29/delete/ | Status: 302
[2026-05-07 18:17:01.862442+00:00] User: aliox | Method: POST | Path: /api/reservations/ | Status: 201
[2026-05-07 18:17:18.740811+00:00] User: khalil | Method: POST | Path: /api/reservations/30/confirmer/ | Status: 200
